# JRE version: Java(TM) SE Runtime Environment (8.0_201-b09) (build 1.8.0_201-b09)
# Java VM: Java HotSpot(TM) 64-Bit Server VM (25.201-b09 mixed mode windows-amd64 compressed oops)
Heap:
 PSYoungGen      total 193024K, used 73881K [0x00000000d5d00000, 0x00000000e4700000, 0x0000000100000000)
  eden space 181760K, 40% used [0x00000000d5d00000,0x00000000da526778,0x00000000e0e80000)
  from space 11264K, 0% used [0x00000000e1a80000,0x00000000e1a80000,0x00000000e2580000)
  to   space 12288K, 0% used [0x00000000e0e80000,0x00000000e0e80000,0x00000000e1a80000)
 ParOldGen       total 85504K, used 14936K [0x0000000081600000, 0x0000000086980000, 0x00000000d5d00000)
  object space 85504K, 17% used [0x0000000081600000,0x0000000082496270,0x0000000086980000)
 Metaspace       used 36027K, capacity 37180K, committed 37208K, reserved 1081344K
  class space    used 4598K, capacity 4858K, committed 4864K, reserved 1048576K
GC Heap History (10 events):
Event: 1.734 GC heap before
{Heap before GC invocations=6 (full 1):
 PSYoungGen      total 71680K, used 5109K [0x00000000d5d00000, 0x00000000df000000, 0x0000000100000000)
  eden space 66560K, 0% used [0x00000000d5d00000,0x00000000d5d00000,0x00000000d9e00000)
  from space 5120K, 99% used [0x00000000d9e00000,0x00000000da2fd620,0x00000000da300000)
  to   space 8704K, 0% used [0x00000000de780000,0x00000000de780000,0x00000000df000000)
 ParOldGen       total 87552K, used 5169K [0x0000000081600000, 0x0000000086b80000, 0x00000000d5d00000)
  object space 87552K, 5% used [0x0000000081600000,0x0000000081b0c728,0x0000000086b80000)
 Metaspace       used 20590K, capacity 21094K, committed 21248K, reserved 1067008K
  class space    used 2616K, capacity 2761K, committed 2816K, reserved 1048576K
Event: 1.757 GC heap after
Heap after GC invocations=6 (full 1):
 PSYoungGen      total 71680K, used 0K [0x00000000d5d00000, 0x00000000df000000, 0x0000000100000000)
  eden space 66560K, 0% used [0x00000000d5d00000,0x00000000d5d00000,0x00000000d9e00000)
  from space 5120K, 0% used [0x00000000d9e00000,0x00000000d9e00000,0x00000000da300000)
  to   space 8704K, 0% used [0x00000000de780000,0x00000000de780000,0x00000000df000000)
 ParOldGen       total 54272K, used 7364K [0x0000000081600000, 0x0000000084b00000, 0x00000000d5d00000)
  object space 54272K, 13% used [0x0000000081600000,0x0000000081d31280,0x0000000084b00000)
 Metaspace       used 20590K, capacity 21094K, committed 21248K, reserved 1067008K
  class space    used 2616K, capacity 2761K, committed 2816K, reserved 1048576K
}
Event: 2.032 GC heap before
{Heap before GC invocations=7 (full 1):
 PSYoungGen      total 71680K, used 66560K [0x00000000d5d00000, 0x00000000df000000, 0x0000000100000000)
  eden space 66560K, 100% used [0x00000000d5d00000,0x00000000d9e00000,0x00000000d9e00000)
  from space 5120K, 0% used [0x00000000d9e00000,0x00000000d9e00000,0x00000000da300000)
  to   space 8704K, 0% used [0x00000000de780000,0x00000000de780000,0x00000000df000000)
 ParOldGen       total 54272K, used 7364K [0x0000000081600000, 0x0000000084b00000, 0x00000000d5d00000)
  object space 54272K, 13% used [0x0000000081600000,0x0000000081d31280,0x0000000084b00000)
 Metaspace       used 24034K, capacity 24704K, committed 24832K, reserved 1071104K
  class space    used 3045K, capacity 3208K, committed 3328K, reserved 1048576K
Event: 2.038 GC heap after
Heap after GC invocations=7 (full 1):
 PSYoungGen      total 118784K, used 7248K [0x00000000d5d00000, 0x00000000def00000, 0x0000000100000000)
  eden space 111104K, 0% used [0x00000000d5d00000,0x00000000d5d00000,0x00000000dc980000)
  from space 7680K, 94% used [0x00000000de780000,0x00000000dee94180,0x00000000def00000)
  to   space 8704K, 0% used [0x00000000dde00000,0x00000000dde00000,0x00000000de680000)
 ParOldGen       total 54272K, used 7372K [0x0000000081600000, 0x0000000084b00000, 0x00000000d5d00000)
  object space 54272K, 13% used [0x0000000081600000,0x0000000081d33280,0x0000000084b00000)
 Metaspace       used 24034K, capacity 24704K, committed 24832K, reserved 1071104K
  class space    used 3045K, capacity 3208K, committed 3328K, reserved 1048576K
}
Event: 2.903 GC heap before
{Heap before GC invocations=8 (full 1):
 PSYoungGen      total 118784K, used 118352K [0x00000000d5d00000, 0x00000000def00000, 0x0000000100000000)
  eden space 111104K, 100% used [0x00000000d5d00000,0x00000000dc980000,0x00000000dc980000)
  from space 7680K, 94% used [0x00000000de780000,0x00000000dee94180,0x00000000def00000)
  to   space 8704K, 0% used [0x00000000dde00000,0x00000000dde00000,0x00000000de680000)
 ParOldGen       total 54272K, used 7372K [0x0000000081600000, 0x0000000084b00000, 0x00000000d5d00000)
  object space 54272K, 13% used [0x0000000081600000,0x0000000081d33280,0x0000000084b00000)
 Metaspace       used 30768K, capacity 31640K, committed 31744K, reserved 1077248K
  class space    used 3891K, capacity 4088K, committed 4096K, reserved 1048576K
Event: 2.918 GC heap after
Heap after GC invocations=8 (full 1):
 PSYoungGen      total 140800K, used 8680K [0x00000000d5d00000, 0x00000000e2580000, 0x0000000100000000)
  eden space 132096K, 0% used [0x00000000d5d00000,0x00000000d5d00000,0x00000000dde00000)
  from space 8704K, 99% used [0x00000000dde00000,0x00000000de67a3e8,0x00000000de680000)
  to   space 11264K, 0% used [0x00000000e1a80000,0x00000000e1a80000,0x00000000e2580000)
 ParOldGen       total 54272K, used 10886K [0x0000000081600000, 0x0000000084b00000, 0x00000000d5d00000)
  object space 54272K, 20% used [0x0000000081600000,0x00000000820a18a0,0x0000000084b00000)
 Metaspace       used 30768K, capacity 31640K, committed 31744K, reserved 1077248K
  class space    used 3891K, capacity 4088K, committed 4096K, reserved 1048576K
}
Event: 3.479 GC heap before
{Heap before GC invocations=9 (full 1):
 PSYoungGen      total 140800K, used 66812K [0x00000000d5d00000, 0x00000000e2580000, 0x0000000100000000)
  eden space 132096K, 44% used [0x00000000d5d00000,0x00000000d95c4da8,0x00000000dde00000)
  from space 8704K, 99% used [0x00000000dde00000,0x00000000de67a3e8,0x00000000de680000)
  to   space 11264K, 0% used [0x00000000e1a80000,0x00000000e1a80000,0x00000000e2580000)
 ParOldGen       total 54272K, used 10886K [0x0000000081600000, 0x0000000084b00000, 0x00000000d5d00000)
  object space 54272K, 20% used [0x0000000081600000,0x00000000820a18a0,0x0000000084b00000)
 Metaspace       used 34252K, capacity 35320K, committed 35416K, reserved 1081344K
  class space    used 4374K, capacity 4592K, committed 4608K, reserved 1048576K
Event: 3.489 GC heap after
Heap after GC invocations=9 (full 1):
 PSYoungGen      total 193024K, used 10196K [0x00000000d5d00000, 0x00000000e4700000, 0x0000000100000000)
  eden space 181760K, 0% used [0x00000000d5d00000,0x00000000d5d00000,0x00000000e0e80000)
  from space 11264K, 90% used [0x00000000e1a80000,0x00000000e2475090,0x00000000e2580000)
  to   space 12288K, 0% used [0x00000000e0e80000,0x00000000e0e80000,0x00000000e1a80000)
 ParOldGen       total 54272K, used 10894K [0x0000000081600000, 0x0000000084b00000, 0x00000000d5d00000)
  object space 54272K, 20% used [0x0000000081600000,0x00000000820a38a0,0x0000000084b00000)
 Metaspace       used 34252K, capacity 35320K, committed 35416K, reserved 1081344K
  class space    used 4374K, capacity 4592K, committed 4608K, reserved 1048576K
}
Event: 3.489 GC heap before
{Heap before GC invocations=10 (full 2):
 PSYoungGen      total 193024K, used 10196K [0x00000000d5d00000, 0x00000000e4700000, 0x0000000100000000)
  eden space 181760K, 0% used [0x00000000d5d00000,0x00000000d5d00000,0x00000000e0e80000)
  from space 11264K, 90% used [0x00000000e1a80000,0x00000000e2475090,0x00000000e2580000)
  to   space 12288K, 0% used [0x00000000e0e80000,0x00000000e0e80000,0x00000000e1a80000)
 ParOldGen       total 54272K, used 10894K [0x0000000081600000, 0x0000000084b00000, 0x00000000d5d00000)
  object space 54272K, 20% used [0x0000000081600000,0x00000000820a38a0,0x0000000084b00000)
 Metaspace       used 34252K, capacity 35320K, committed 35416K, reserved 1081344K
  class space    used 4374K, capacity 4592K, committed 4608K, reserved 1048576K
Event: 3.547 GC heap after
Heap after GC invocations=10 (full 2):
 PSYoungGen      total 193024K, used 0K [0x00000000d5d00000, 0x00000000e4700000, 0x0000000100000000)
  eden space 181760K, 0% used [0x00000000d5d00000,0x00000000d5d00000,0x00000000e0e80000)
  from space 11264K, 0% used [0x00000000e1a80000,0x00000000e1a80000,0x00000000e2580000)
  to   space 12288K, 0% used [0x00000000e0e80000,0x00000000e0e80000,0x00000000e1a80000)
 ParOldGen       total 85504K, used 14936K [0x0000000081600000, 0x0000000086980000, 0x00000000d5d00000)
  object space 85504K, 17% used [0x0000000081600000,0x0000000082496270,0x0000000086980000)
 Metaspace       used 34252K, capacity 35320K, committed 35416K, reserved 1081344K
  class space    used 4374K, capacity 4592K, committed 4608K, reserved 1048576K
}

